{"C:\\Users\\joao.vamerlati\\Desktop\\fluxo-facil\\data-types\\enums.ts": {"path":"C:\\Users\\joao.vamerlati\\Desktop\\fluxo-facil\\data-types\\enums.ts","statementMap":{},"fnMap":{},"branchMap":{},"s":{},"f":{},"b":{},"_coverageSchema":"1a1c01bbd47fc00a2c39e90264f33305004495a9","hash":"a1993fb2e56f1689b66bd15951295315c4a1b2b0"}
,"C:\\Users\\joao.vamerlati\\Desktop\\fluxo-facil\\services\\home-service.ts": {"path":"C:\\Users\\joao.vamerlati\\Desktop\\fluxo-facil\\services\\home-service.ts","statementMap":{"0":{"start":{"line":5,"column":29},"end":{"line":5,"column":30}},"1":{"start":{"line":10,"column":34},"end":{"line":10,"column":36}},"2":{"start":{"line":12,"column":35},"end":{"line":14,"column":5}},"3":{"start":{"line":13,"column":17},"end":{"line":13,"column":70}},"4":{"start":{"line":16,"column":4},"end":{"line":72,"column":5}},"5":{"start":{"line":17,"column":22},"end":{"line":17,"column":68}},"6":{"start":{"line":18,"column":31},"end":{"line":22,"column":7}},"7":{"start":{"line":24,"column":44},"end":{"line":24,"column":46}},"8":{"start":{"line":26,"column":6},"end":{"line":34,"column":7}},"9":{"start":{"line":27,"column":8},"end":{"line":33,"column":11}},"10":{"start":{"line":36,"column":43},"end":{"line":36,"column":45}},"11":{"start":{"line":38,"column":6},"end":{"line":46,"column":7}},"12":{"start":{"line":39,"column":8},"end":{"line":45,"column":11}},"13":{"start":{"line":48,"column":41},"end":{"line":48,"column":43}},"14":{"start":{"line":50,"column":6},"end":{"line":57,"column":7}},"15":{"start":{"line":51,"column":8},"end":{"line":56,"column":11}},"16":{"start":{"line":59,"column":27},"end":{"line":59,"column":59}},"17":{"start":{"line":61,"column":33},"end":{"line":69,"column":7}},"18":{"start":{"line":71,"column":6},"end":{"line":71,"column":31}},"19":{"start":{"line":74,"column":4},"end":{"line":77,"column":6}},"20":{"start":{"line":85,"column":23},"end":{"line":85,"column":24}},"21":{"start":{"line":86,"column":24},"end":{"line":86,"column":25}},"22":{"start":{"line":88,"column":4},"end":{"line":92,"column":5}},"23":{"start":{"line":89,"column":6},"end":{"line":91,"column":64}},"24":{"start":{"line":90,"column":23},"end":{"line":90,"column":62}},"25":{"start":{"line":91,"column":33},"end":{"line":91,"column":59}},"26":{"start":{"line":94,"column":4},"end":{"line":98,"column":5}},"27":{"start":{"line":95,"column":6},"end":{"line":97,"column":66}},"28":{"start":{"line":96,"column":23},"end":{"line":96,"column":62}},"29":{"start":{"line":97,"column":34},"end":{"line":97,"column":61}},"30":{"start":{"line":100,"column":4},"end":{"line":100,"column":50}},"31":{"start":{"line":107,"column":23},"end":{"line":107,"column":24}},"32":{"start":{"line":108,"column":24},"end":{"line":108,"column":25}},"33":{"start":{"line":110,"column":4},"end":{"line":114,"column":5}},"34":{"start":{"line":111,"column":6},"end":{"line":113,"column":64}},"35":{"start":{"line":112,"column":23},"end":{"line":112,"column":63}},"36":{"start":{"line":113,"column":33},"end":{"line":113,"column":59}},"37":{"start":{"line":116,"column":4},"end":{"line":120,"column":5}},"38":{"start":{"line":117,"column":6},"end":{"line":119,"column":66}},"39":{"start":{"line":118,"column":23},"end":{"line":118,"column":63}},"40":{"start":{"line":119,"column":34},"end":{"line":119,"column":61}},"41":{"start":{"line":122,"column":4},"end":{"line":122,"column":40}},"42":{"start":{"line":126,"column":4},"end":{"line":133,"column":5}},"43":{"start":{"line":127,"column":6},"end":{"line":132,"column":8}},"44":{"start":{"line":135,"column":29},"end":{"line":135,"column":45}},"45":{"start":{"line":136,"column":28},"end":{"line":136,"column":62}},"46":{"start":{"line":138,"column":25},"end":{"line":141,"column":5}},"47":{"start":{"line":143,"column":41},"end":{"line":143,"column":43}},"48":{"start":{"line":145,"column":4},"end":{"line":154,"column":5}},"49":{"start":{"line":146,"column":34},"end":{"line":148,"column":58}},"50":{"start":{"line":147,"column":29},"end":{"line":147,"column":58}},"51":{"start":{"line":148,"column":34},"end":{"line":148,"column":54}},"52":{"start":{"line":150,"column":6},"end":{"line":153,"column":9}},"53":{"start":{"line":156,"column":4},"end":{"line":156,"column":24}},"54":{"start":{"line":163,"column":18},"end":{"line":163,"column":37}},"55":{"start":{"line":164,"column":16},"end":{"line":164,"column":33}},"56":{"start":{"line":165,"column":26},"end":{"line":167,"column":5}},"57":{"start":{"line":169,"column":4},"end":{"line":192,"column":5}},"58":{"start":{"line":170,"column":27},"end":{"line":170,"column":29}},"59":{"start":{"line":171,"column":6},"end":{"line":175,"column":7}},"60":{"start":{"line":171,"column":19},"end":{"line":171,"column":20}},"61":{"start":{"line":172,"column":24},"end":{"line":172,"column":39}},"62":{"start":{"line":173,"column":8},"end":{"line":173,"column":45}},"63":{"start":{"line":174,"column":8},"end":{"line":174,"column":27}},"64":{"start":{"line":177,"column":6},"end":{"line":177,"column":18}},"65":{"start":{"line":179,"column":23},"end":{"line":179,"column":52}},"66":{"start":{"line":180,"column":28},"end":{"line":180,"column":49}},"67":{"start":{"line":182,"column":6},"end":{"line":187,"column":7}},"68":{"start":{"line":182,"column":19},"end":{"line":182,"column":20}},"69":{"start":{"line":183,"column":24},"end":{"line":183,"column":39}},"70":{"start":{"line":184,"column":8},"end":{"line":184,"column":56}},"71":{"start":{"line":186,"column":8},"end":{"line":186,"column":28}},"72":{"start":{"line":189,"column":6},"end":{"line":189,"column":36}},"73":{"start":{"line":191,"column":6},"end":{"line":191,"column":19}},"74":{"start":{"line":196,"column":16},"end":{"line":196,"column":55}},"75":{"start":{"line":197,"column":18},"end":{"line":197,"column":62}},"76":{"start":{"line":199,"column":4},"end":{"line":199,"column":29}}},"fnMap":{"0":{"name":"(anonymous_0)","decl":{"start":{"line":7,"column":2},"end":{"line":7,"column":3}},"loc":{"start":{"line":9,"column":20},"end":{"line":78,"column":3}},"line":9},"1":{"name":"(anonymous_1)","decl":{"start":{"line":13,"column":6},"end":{"line":13,"column":7}},"loc":{"start":{"line":13,"column":17},"end":{"line":13,"column":70}},"line":13},"2":{"name":"(anonymous_2)","decl":{"start":{"line":80,"column":2},"end":{"line":80,"column":3}},"loc":{"start":{"line":84,"column":4},"end":{"line":101,"column":3}},"line":84},"3":{"name":"(anonymous_3)","decl":{"start":{"line":90,"column":16},"end":{"line":90,"column":17}},"loc":{"start":{"line":90,"column":23},"end":{"line":90,"column":62}},"line":90},"4":{"name":"(anonymous_4)","decl":{"start":{"line":91,"column":16},"end":{"line":91,"column":17}},"loc":{"start":{"line":91,"column":33},"end":{"line":91,"column":59}},"line":91},"5":{"name":"(anonymous_5)","decl":{"start":{"line":96,"column":16},"end":{"line":96,"column":17}},"loc":{"start":{"line":96,"column":23},"end":{"line":96,"column":62}},"line":96},"6":{"name":"(anonymous_6)","decl":{"start":{"line":97,"column":16},"end":{"line":97,"column":17}},"loc":{"start":{"line":97,"column":34},"end":{"line":97,"column":61}},"line":97},"7":{"name":"(anonymous_7)","decl":{"start":{"line":103,"column":2},"end":{"line":103,"column":3}},"loc":{"start":{"line":106,"column":12},"end":{"line":123,"column":3}},"line":106},"8":{"name":"(anonymous_8)","decl":{"start":{"line":112,"column":16},"end":{"line":112,"column":17}},"loc":{"start":{"line":112,"column":23},"end":{"line":112,"column":63}},"line":112},"9":{"name":"(anonymous_9)","decl":{"start":{"line":113,"column":16},"end":{"line":113,"column":17}},"loc":{"start":{"line":113,"column":33},"end":{"line":113,"column":59}},"line":113},"10":{"name":"(anonymous_10)","decl":{"start":{"line":118,"column":16},"end":{"line":118,"column":17}},"loc":{"start":{"line":118,"column":23},"end":{"line":118,"column":63}},"line":118},"11":{"name":"(anonymous_11)","decl":{"start":{"line":119,"column":16},"end":{"line":119,"column":17}},"loc":{"start":{"line":119,"column":34},"end":{"line":119,"column":61}},"line":119},"12":{"name":"(anonymous_12)","decl":{"start":{"line":125,"column":2},"end":{"line":125,"column":3}},"loc":{"start":{"line":125,"column":70},"end":{"line":157,"column":3}},"line":125},"13":{"name":"(anonymous_13)","decl":{"start":{"line":147,"column":16},"end":{"line":147,"column":17}},"loc":{"start":{"line":147,"column":29},"end":{"line":147,"column":58}},"line":147},"14":{"name":"(anonymous_14)","decl":{"start":{"line":148,"column":16},"end":{"line":148,"column":17}},"loc":{"start":{"line":148,"column":34},"end":{"line":148,"column":54}},"line":148},"15":{"name":"(anonymous_15)","decl":{"start":{"line":159,"column":2},"end":{"line":159,"column":3}},"loc":{"start":{"line":162,"column":12},"end":{"line":193,"column":3}},"line":162},"16":{"name":"(anonymous_16)","decl":{"start":{"line":195,"column":2},"end":{"line":195,"column":3}},"loc":{"start":{"line":195,"column":48},"end":{"line":200,"column":3}},"line":195}},"branchMap":{"0":{"loc":{"start":{"line":13,"column":17},"end":{"line":13,"column":70}},"type":"binary-expr","locations":[{"start":{"line":13,"column":17},"end":{"line":13,"column":42}},{"start":{"line":13,"column":46},"end":{"line":13,"column":70}}],"line":13},"1":{"loc":{"start":{"line":31,"column":20},"end":{"line":31,"column":55}},"type":"binary-expr","locations":[{"start":{"line":31,"column":20},"end":{"line":31,"column":36}},{"start":{"line":31,"column":40},"end":{"line":31,"column":55}}],"line":31},"2":{"loc":{"start":{"line":43,"column":20},"end":{"line":43,"column":54}},"type":"binary-expr","locations":[{"start":{"line":43,"column":20},"end":{"line":43,"column":35}},{"start":{"line":43,"column":39},"end":{"line":43,"column":54}}],"line":43},"3":{"loc":{"start":{"line":88,"column":4},"end":{"line":92,"column":5}},"type":"if","locations":[{"start":{"line":88,"column":4},"end":{"line":92,"column":5}},{"start":{},"end":{}}],"line":88},"4":{"loc":{"start":{"line":91,"column":40},"end":{"line":91,"column":58}},"type":"binary-expr","locations":[{"start":{"line":91,"column":40},"end":{"line":91,"column":53}},{"start":{"line":91,"column":57},"end":{"line":91,"column":58}}],"line":91},"5":{"loc":{"start":{"line":94,"column":4},"end":{"line":98,"column":5}},"type":"if","locations":[{"start":{"line":94,"column":4},"end":{"line":98,"column":5}},{"start":{},"end":{}}],"line":94},"6":{"loc":{"start":{"line":97,"column":41},"end":{"line":97,"column":60}},"type":"binary-expr","locations":[{"start":{"line":97,"column":41},"end":{"line":97,"column":55}},{"start":{"line":97,"column":59},"end":{"line":97,"column":60}}],"line":97},"7":{"loc":{"start":{"line":110,"column":4},"end":{"line":114,"column":5}},"type":"if","locations":[{"start":{"line":110,"column":4},"end":{"line":114,"column":5}},{"start":{},"end":{}}],"line":110},"8":{"loc":{"start":{"line":113,"column":40},"end":{"line":113,"column":58}},"type":"binary-expr","locations":[{"start":{"line":113,"column":40},"end":{"line":113,"column":53}},{"start":{"line":113,"column":57},"end":{"line":113,"column":58}}],"line":113},"9":{"loc":{"start":{"line":116,"column":4},"end":{"line":120,"column":5}},"type":"if","locations":[{"start":{"line":116,"column":4},"end":{"line":120,"column":5}},{"start":{},"end":{}}],"line":116},"10":{"loc":{"start":{"line":119,"column":41},"end":{"line":119,"column":60}},"type":"binary-expr","locations":[{"start":{"line":119,"column":41},"end":{"line":119,"column":55}},{"start":{"line":119,"column":59},"end":{"line":119,"column":60}}],"line":119},"11":{"loc":{"start":{"line":126,"column":4},"end":{"line":133,"column":5}},"type":"if","locations":[{"start":{"line":126,"column":4},"end":{"line":133,"column":5}},{"start":{},"end":{}}],"line":126},"12":{"loc":{"start":{"line":169,"column":4},"end":{"line":192,"column":5}},"type":"if","locations":[{"start":{"line":169,"column":4},"end":{"line":192,"column":5}},{"start":{"line":178,"column":11},"end":{"line":192,"column":5}}],"line":169}},"s":{"0":1,"1":1,"2":1,"3":1,"4":1,"5":1,"6":1,"7":1,"8":1,"9":2,"10":1,"11":1,"12":2,"13":1,"14":1,"15":1,"16":1,"17":1,"18":1,"19":1,"20":1,"21":1,"22":1,"23":1,"24":2,"25":1,"26":1,"27":1,"28":2,"29":1,"30":1,"31":1,"32":1,"33":1,"34":1,"35":2,"36":1,"37":1,"38":1,"39":2,"40":1,"41":1,"42":2,"43":0,"44":2,"45":2,"46":2,"47":2,"48":2,"49":14,"50":28,"51":16,"52":14,"53":2,"54":3,"55":3,"56":3,"57":3,"58":0,"59":0,"60":0,"61":0,"62":0,"63":0,"64":0,"65":3,"66":3,"67":3,"68":3,"69":15,"70":15,"71":15,"72":3,"73":3,"74":15,"75":15,"76":15},"f":{"0":1,"1":1,"2":1,"3":2,"4":1,"5":2,"6":1,"7":1,"8":2,"9":1,"10":2,"11":1,"12":2,"13":28,"14":16,"15":3,"16":15},"b":{"0":[1,0],"1":[2,0],"2":[2,0],"3":[1,0],"4":[1,0],"5":[1,0],"6":[1,0],"7":[1,0],"8":[1,0],"9":[1,0],"10":[1,0],"11":[0,2],"12":[0,3]},"_coverageSchema":"1a1c01bbd47fc00a2c39e90264f33305004495a9","hash":"9bc1a044c435175b5dcce29cad17b226754c4f7e"}
}
