TN:
SF:data-types\enums.ts
FNF:0
FNH:0
LF:0
LH:0
BRF:0
BRH:0
end_of_record
TN:
SF:services\home-service.ts
FN:7,(anonymous_0)
FN:13,(anonymous_1)
FN:80,(anonymous_2)
FN:90,(anonymous_3)
FN:91,(anonymous_4)
FN:96,(anonymous_5)
FN:97,(anonymous_6)
FN:103,(anonymous_7)
FN:112,(anonymous_8)
FN:113,(anonymous_9)
FN:118,(anonymous_10)
FN:119,(anonymous_11)
FN:125,(anonymous_12)
FN:147,(anonymous_13)
FN:148,(anonymous_14)
FN:159,(anonymous_15)
FN:195,(anonymous_16)
FNF:17
FNH:17
FNDA:1,(anonymous_0)
FNDA:1,(anonymous_1)
FNDA:1,(anonymous_2)
FNDA:2,(anonymous_3)
FNDA:1,(anonymous_4)
FNDA:2,(anonymous_5)
FNDA:1,(anonymous_6)
FNDA:1,(anonymous_7)
FNDA:2,(anonymous_8)
FNDA:1,(anonymous_9)
FNDA:2,(anonymous_10)
FNDA:1,(anonymous_11)
FNDA:2,(anonymous_12)
FNDA:28,(anonymous_13)
FNDA:16,(anonymous_14)
FNDA:3,(anonymous_15)
FNDA:15,(anonymous_16)
DA:5,1
DA:10,1
DA:12,1
DA:13,1
DA:16,1
DA:17,1
DA:18,1
DA:24,1
DA:26,1
DA:27,2
DA:36,1
DA:38,1
DA:39,2
DA:48,1
DA:50,1
DA:51,1
DA:59,1
DA:61,1
DA:71,1
DA:74,1
DA:85,1
DA:86,1
DA:88,1
DA:89,1
DA:90,2
DA:91,1
DA:94,1
DA:95,1
DA:96,2
DA:97,1
DA:100,1
DA:107,1
DA:108,1
DA:110,1
DA:111,1
DA:112,2
DA:113,1
DA:116,1
DA:117,1
DA:118,2
DA:119,1
DA:122,1
DA:126,2
DA:127,0
DA:135,2
DA:136,2
DA:138,2
DA:143,2
DA:145,2
DA:146,14
DA:147,28
DA:148,16
DA:150,14
DA:156,2
DA:163,3
DA:164,3
DA:165,3
DA:169,3
DA:170,0
DA:171,0
DA:172,0
DA:173,0
DA:174,0
DA:177,0
DA:179,3
DA:180,3
DA:182,3
DA:183,15
DA:184,15
DA:186,15
DA:189,3
DA:191,3
DA:196,15
DA:197,15
DA:199,15
LF:75
LH:68
BRDA:13,0,0,1
BRDA:13,0,1,0
BRDA:31,1,0,2
BRDA:31,1,1,0
BRDA:43,2,0,2
BRDA:43,2,1,0
BRDA:88,3,0,1
BRDA:88,3,1,0
BRDA:91,4,0,1
BRDA:91,4,1,0
BRDA:94,5,0,1
BRDA:94,5,1,0
BRDA:97,6,0,1
BRDA:97,6,1,0
BRDA:110,7,0,1
BRDA:110,7,1,0
BRDA:113,8,0,1
BRDA:113,8,1,0
BRDA:116,9,0,1
BRDA:116,9,1,0
BRDA:119,10,0,1
BRDA:119,10,1,0
BRDA:126,11,0,0
BRDA:126,11,1,2
BRDA:169,12,0,0
BRDA:169,12,1,3
BRF:26
BRH:13
end_of_record
